<?xml version="1.0" encoding="UTF-8"?>
<!-- Generated by org.testng.reporters.JUnitReportReporter -->
<testsuite hostname="5CD138MBGZ" failures="0" tests="10" name="PomPage.LoginPage" time="49.321" errors="0" timestamp="2022-06-10T19:37:39 IST" skipped="0">
  <testcase classname="PomPage.LoginPage" name="Login" time="17.350"/>
  <system-out/>
  <testcase classname="PomPage.LoginPage" name="Login" time="4.246"/>
  <system-out/>
  <testcase classname="PomPage.LoginPage" name="Login" time="3.788"/>
  <system-out/>
  <testcase classname="PomPage.LoginPage" name="Login" time="2.486"/>
  <system-out/>
  <testcase classname="PomPage.LoginPage" name="Login" time="3.608"/>
  <system-out/>
  <testcase classname="PomPage.LoginPage" name="Login" time="3.858"/>
  <system-out/>
  <testcase classname="PomPage.LoginPage" name="Login" time="3.501"/>
  <system-out/>
  <testcase classname="PomPage.LoginPage" name="Login" time="4.124"/>
  <system-out/>
  <testcase classname="PomPage.LoginPage" name="Login" time="3.693"/>
  <system-out/>
  <testcase classname="PomPage.LoginPage" name="Login" time="2.667"/>
  <system-out/>
</testsuite> <!-- PomPage.LoginPage -->
